nohup: ignoring input
--> config model
done
--> Loading model
/usr/local/lib/python3.5/dist-packages/onnx_tf/common/__init__.py:87: UserWarning: FrontendHandler.get_outputs_names is deprecated. It will be removed in future release.. Use node.outputs instead.
  warnings.warn(message)
/workspace/yolov5/weights/best_yolov5s_robo_inconv_jit.pt ********************
WARNING: Token 'COMMENT' defined, but not used
WARNING: There is 1 unused token
done
--> Building model
W The RKNN Model generated can not run on simulator when pre_compile is True.
cc1: warning: command line option '-std=c++11' is valid for C++/ObjC++ but not for C
cc1: warning: command line option '-std=c++11' is valid for C++/ObjC++ but not for C
cc1: warning: command line option '-std=c++11' is valid for C++/ObjC++ but not for C
cc1: warning: command line option '-std=c++11' is valid for C++/ObjC++ but not for C
done
--> Export RKNN model
done
--> Analysis
Save snapshot to ./snapshot/fp32/input_of_graph_out1_118_out0_nchw_1_3_640_640.tensor ...
Save snapshot to ./snapshot/fp32/convolution_at_input.1_116_out0_nchw_1_32_320_320.tensor ...
Save snapshot to ./snapshot/fp32/leaky_relu__at_x0.1_112_out0_nchw_1_32_320_320.tensor ...
Save snapshot to ./snapshot/fp32/convolution_at_input1.1_110_out0_nchw_1_64_160_160.tensor ...
Save snapshot to ./snapshot/fp32/leaky_relu__at_x1.1_100_out0_nchw_1_64_160_160.tensor ...
Save snapshot to ./snapshot/fp32/convolution_at_input3.1_117_out0_nchw_1_32_160_160.tensor ...
Save snapshot to ./snapshot/fp32/leaky_relu__at_input5.1_113_out0_nchw_1_32_160_160.tensor ...
Save snapshot to ./snapshot/fp32/convolution_at_input6.1_111_out0_nchw_1_64_160_160.tensor ...
Save snapshot to ./snapshot/fp32/leaky_relu__at_612_101_out0_nchw_1_64_160_160.tensor ...
Save snapshot to ./snapshot/fp32/add_at_x2.1_92_out0_nchw_1_64_160_160.tensor ...
Save snapshot to ./snapshot/fp32/convolution_at_input8.1_83_out0_nchw_1_128_80_80.tensor ...
Save snapshot to ./snapshot/fp32/leaky_relu__at_x3.1_65_out0_nchw_1_128_80_80.tensor ...
Save snapshot to ./snapshot/fp32/convolution_at_input10.1_108_out0_nchw_1_64_80_80.tensor ...
Save snapshot to ./snapshot/fp32/leaky_relu__at_input12.1_93_out0_nchw_1_64_80_80.tensor ...
Save snapshot to ./snapshot/fp32/convolution_at_input13.1_84_out0_nchw_1_128_80_80.tensor ...
Save snapshot to ./snapshot/fp32/leaky_relu__at_684_66_out0_nchw_1_128_80_80.tensor ...
Save snapshot to ./snapshot/fp32/add_at_input15.1_57_out0_nchw_1_128_80_80.tensor ...
Save snapshot to ./snapshot/fp32/convolution_at_input16.1_103_out0_nchw_1_64_80_80.tensor ...
Save snapshot to ./snapshot/fp32/leaky_relu__at_input18.1_85_out0_nchw_1_64_80_80.tensor ...
Save snapshot to ./snapshot/fp32/convolution_at_input19.1_76_out0_nchw_1_128_80_80.tensor ...
Save snapshot to ./snapshot/fp32/leaky_relu__at_733_58_out0_nchw_1_128_80_80.tensor ...
Save snapshot to ./snapshot/fp32/add_at_input21.1_48_out0_nchw_1_128_80_80.tensor ...
Save snapshot to ./snapshot/fp32/convolution_at_input22.1_95_out0_nchw_1_64_80_80.tensor ...
Save snapshot to ./snapshot/fp32/leaky_relu__at_input24.1_77_out0_nchw_1_64_80_80.tensor ...
Save snapshot to ./snapshot/fp32/convolution_at_input25.1_68_out0_nchw_1_128_80_80.tensor ...
Save snapshot to ./snapshot/fp32/leaky_relu__at_782_49_out0_nchw_1_128_80_80.tensor ...
Save snapshot to ./snapshot/fp32/add_at_x4.1_43_out0_nchw_1_128_80_80.tensor ...
Save snapshot to ./snapshot/fp32/convolution_at_input27.1_87_out0_nchw_1_256_40_40.tensor ...
Save snapshot to ./snapshot/fp32/leaky_relu__at_x5.1_69_out0_nchw_1_256_40_40.tensor ...
Save snapshot to ./snapshot/fp32/convolution_at_input29.1_109_out0_nchw_1_128_40_40.tensor ...
Save snapshot to ./snapshot/fp32/leaky_relu__at_input31.1_96_out0_nchw_1_128_40_40.tensor ...
Save snapshot to ./snapshot/fp32/convolution_at_input32.1_88_out0_nchw_1_256_40_40.tensor ...
Save snapshot to ./snapshot/fp32/leaky_relu__at_854_70_out0_nchw_1_256_40_40.tensor ...
Save snapshot to ./snapshot/fp32/add_at_input34.1_60_out0_nchw_1_256_40_40.tensor ...
Save snapshot to ./snapshot/fp32/convolution_at_input35.1_105_out0_nchw_1_128_40_40.tensor ...
Save snapshot to ./snapshot/fp32/leaky_relu__at_input37.1_89_out0_nchw_1_128_40_40.tensor ...
Save snapshot to ./snapshot/fp32/convolution_at_input38.1_80_out0_nchw_1_256_40_40.tensor ...
Save snapshot to ./snapshot/fp32/leaky_relu__at_903_61_out0_nchw_1_256_40_40.tensor ...
Save snapshot to ./snapshot/fp32/add_at_input40.1_50_out0_nchw_1_256_40_40.tensor ...
Save snapshot to ./snapshot/fp32/convolution_at_input41.1_98_out0_nchw_1_128_40_40.tensor ...
Save snapshot to ./snapshot/fp32/leaky_relu__at_input43.1_81_out0_nchw_1_128_40_40.tensor ...
Save snapshot to ./snapshot/fp32/convolution_at_input44.1_72_out0_nchw_1_256_40_40.tensor ...
Save snapshot to ./snapshot/fp32/leaky_relu__at_952_51_out0_nchw_1_256_40_40.tensor ...
Save snapshot to ./snapshot/fp32/add_at_x6.1_45_out0_nchw_1_256_40_40.tensor ...
Save snapshot to ./snapshot/fp32/convolution_at_input46.1_99_out0_nchw_1_512_20_20.tensor ...
Save snapshot to ./snapshot/fp32/leaky_relu__at_x7.1_82_out0_nchw_1_512_20_20.tensor ...
Save snapshot to ./snapshot/fp32/convolution_at_input48.1_73_out0_nchw_1_256_20_20.tensor ...
Save snapshot to ./snapshot/fp32/leaky_relu__at_input50.1_52_out0_nchw_1_256_20_20.tensor ...
Save snapshot to ./snapshot/fp32/max_pool2d_at_1009_53_out0_nchw_1_256_20_20.tensor ...
Save snapshot to ./snapshot/fp32/max_pool2d_at_1018_54_out0_nchw_1_256_20_20.tensor ...
Save snapshot to ./snapshot/fp32/max_pool2d_at_1027_55_out0_nchw_1_256_20_20.tensor ...
Save snapshot to ./snapshot/fp32/cat_at_input51.1_46_out0_nchw_1_1024_20_20.tensor ...
Save snapshot to ./snapshot/fp32/convolution_at_input52.1_40_out0_nchw_1_512_20_20.tensor ...
Save snapshot to ./snapshot/fp32/leaky_relu__at_x8.1_32_out0_nchw_1_512_20_20.tensor ...
Save snapshot to ./snapshot/fp32/convolution_at_input54.1_64_out0_nchw_1_256_20_20.tensor ...
Save snapshot to ./snapshot/fp32/leaky_relu__at_input56.1_47_out0_nchw_1_256_20_20.tensor ...
Save snapshot to ./snapshot/fp32/convolution_at_input57.1_41_out0_nchw_1_512_20_20.tensor ...
Save snapshot to ./snapshot/fp32/leaky_relu__at_1102_33_out0_nchw_1_512_20_20.tensor ...
Save snapshot to ./snapshot/fp32/add_at_x9.1_29_out0_nchw_1_512_20_20.tensor ...
Save snapshot to ./snapshot/fp32/convolution_at_input59.1_26_out0_nchw_1_256_20_20.tensor ...
Save snapshot to ./snapshot/fp32/leaky_relu__at_input61.1_20_out0_nchw_1_256_20_20.tensor ...
Save snapshot to ./snapshot/fp32/convolution_at_input62.1_17_out0_nchw_1_512_20_20.tensor ...
Save snapshot to ./snapshot/fp32/leaky_relu__at_x10.1_11_out0_nchw_1_512_20_20.tensor ...
Save snapshot to ./snapshot/fp32/convolution_at_x11.1_8_out0_nchw_1_102_20_20.tensor ...
Save snapshot to ./snapshot/fp32/upsample_nearest2d_at_x12.1_44_out0_nchw_1_512_40_40.tensor ...
Save snapshot to ./snapshot/fp32/sigmoid_at_1347_5_out0_nchw_1_102_20_20.tensor ...
Save snapshot to ./snapshot/fp32/output_of_sigmoid_at_1347_2_out0_nchw_1_102_20_20.tensor ...
Save snapshot to ./snapshot/fp32/cat_at_x13.1_39_out0_nchw_1_768_40_40.tensor ...
Save snapshot to ./snapshot/fp32/convolution_at_input64.1_35_out0_nchw_1_256_40_40.tensor ...
Save snapshot to ./snapshot/fp32/leaky_relu__at_x14.1_28_out0_nchw_1_256_40_40.tensor ...
Save snapshot to ./snapshot/fp32/convolution_at_input66.1_25_out0_nchw_1_128_40_40.tensor ...
Save snapshot to ./snapshot/fp32/leaky_relu__at_input68.1_19_out0_nchw_1_128_40_40.tensor ...
Save snapshot to ./snapshot/fp32/convolution_at_input69.1_16_out0_nchw_1_256_40_40.tensor ...
Save snapshot to ./snapshot/fp32/leaky_relu__at_x15.1_10_out0_nchw_1_256_40_40.tensor ...
Save snapshot to ./snapshot/fp32/convolution_at_x16.1_7_out0_nchw_1_102_40_40.tensor ...
Save snapshot to ./snapshot/fp32/upsample_nearest2d_at_x17.1_42_out0_nchw_1_256_80_80.tensor ...
Save snapshot to ./snapshot/fp32/sigmoid_at_1345_4_out0_nchw_1_102_40_40.tensor ...
Save snapshot to ./snapshot/fp32/output_of_sigmoid_at_1345_1_out0_nchw_1_102_40_40.tensor ...
Save snapshot to ./snapshot/fp32/cat_at_x18.1_38_out0_nchw_1_384_80_80.tensor ...
Save snapshot to ./snapshot/fp32/convolution_at_input71.1_34_out0_nchw_1_128_80_80.tensor ...
Save snapshot to ./snapshot/fp32/leaky_relu__at_x19.1_27_out0_nchw_1_128_80_80.tensor ...
Save snapshot to ./snapshot/fp32/convolution_at_input73.1_24_out0_nchw_1_64_80_80.tensor ...
Save snapshot to ./snapshot/fp32/leaky_relu__at_input75.1_18_out0_nchw_1_64_80_80.tensor ...
Save snapshot to ./snapshot/fp32/convolution_at_input76.1_15_out0_nchw_1_128_80_80.tensor ...
Save snapshot to ./snapshot/fp32/leaky_relu__at_x20.1_9_out0_nchw_1_128_80_80.tensor ...
Save snapshot to ./snapshot/fp32/convolution_at_x21.1_6_out0_nchw_1_102_80_80.tensor ...
Save snapshot to ./snapshot/fp32/sigmoid_at_1343_3_out0_nchw_1_102_80_80.tensor ...
Save snapshot to ./snapshot/fp32/output_of_sigmoid_at_1343_0_out0_nchw_1_102_80_80.tensor ...
Save snapshot to ./snapshot/qnt/input_of_graph_out1_118_out0_nchw_1_3_640_640.tensor ...
Save snapshot to ./snapshot/qnt/convolution_at_input.1_116_out0_nchw_1_32_320_320.tensor ...
Save snapshot to ./snapshot/qnt/leaky_relu__at_x0.1_112_out0_nchw_1_32_320_320.tensor ...
Save snapshot to ./snapshot/qnt/convolution_at_input1.1_110_out0_nchw_1_64_160_160.tensor ...
Save snapshot to ./snapshot/qnt/leaky_relu__at_x1.1_100_out0_nchw_1_64_160_160.tensor ...
Save snapshot to ./snapshot/qnt/convolution_at_input3.1_117_out0_nchw_1_32_160_160.tensor ...
Save snapshot to ./snapshot/qnt/leaky_relu__at_input5.1_113_out0_nchw_1_32_160_160.tensor ...
Save snapshot to ./snapshot/qnt/convolution_at_input6.1_111_out0_nchw_1_64_160_160.tensor ...
Save snapshot to ./snapshot/qnt/leaky_relu__at_612_101_out0_nchw_1_64_160_160.tensor ...
Save snapshot to ./snapshot/qnt/add_at_x2.1_92_out0_nchw_1_64_160_160.tensor ...
Save snapshot to ./snapshot/qnt/convolution_at_input8.1_83_out0_nchw_1_128_80_80.tensor ...
Save snapshot to ./snapshot/qnt/leaky_relu__at_x3.1_65_out0_nchw_1_128_80_80.tensor ...
Save snapshot to ./snapshot/qnt/convolution_at_input10.1_108_out0_nchw_1_64_80_80.tensor ...
Save snapshot to ./snapshot/qnt/leaky_relu__at_input12.1_93_out0_nchw_1_64_80_80.tensor ...
Save snapshot to ./snapshot/qnt/convolution_at_input13.1_84_out0_nchw_1_128_80_80.tensor ...
Save snapshot to ./snapshot/qnt/leaky_relu__at_684_66_out0_nchw_1_128_80_80.tensor ...
Save snapshot to ./snapshot/qnt/add_at_input15.1_57_out0_nchw_1_128_80_80.tensor ...
Save snapshot to ./snapshot/qnt/convolution_at_input16.1_103_out0_nchw_1_64_80_80.tensor ...
Save snapshot to ./snapshot/qnt/leaky_relu__at_input18.1_85_out0_nchw_1_64_80_80.tensor ...
Save snapshot to ./snapshot/qnt/convolution_at_input19.1_76_out0_nchw_1_128_80_80.tensor ...
Save snapshot to ./snapshot/qnt/leaky_relu__at_733_58_out0_nchw_1_128_80_80.tensor ...
Save snapshot to ./snapshot/qnt/add_at_input21.1_48_out0_nchw_1_128_80_80.tensor ...
Save snapshot to ./snapshot/qnt/convolution_at_input22.1_95_out0_nchw_1_64_80_80.tensor ...
Save snapshot to ./snapshot/qnt/leaky_relu__at_input24.1_77_out0_nchw_1_64_80_80.tensor ...
Save snapshot to ./snapshot/qnt/convolution_at_input25.1_68_out0_nchw_1_128_80_80.tensor ...
Save snapshot to ./snapshot/qnt/leaky_relu__at_782_49_out0_nchw_1_128_80_80.tensor ...
Save snapshot to ./snapshot/qnt/add_at_x4.1_43_out0_nchw_1_128_80_80.tensor ...
Save snapshot to ./snapshot/qnt/convolution_at_input27.1_87_out0_nchw_1_256_40_40.tensor ...
Save snapshot to ./snapshot/qnt/leaky_relu__at_x5.1_69_out0_nchw_1_256_40_40.tensor ...
Save snapshot to ./snapshot/qnt/convolution_at_input29.1_109_out0_nchw_1_128_40_40.tensor ...
Save snapshot to ./snapshot/qnt/leaky_relu__at_input31.1_96_out0_nchw_1_128_40_40.tensor ...
Save snapshot to ./snapshot/qnt/convolution_at_input32.1_88_out0_nchw_1_256_40_40.tensor ...
Save snapshot to ./snapshot/qnt/leaky_relu__at_854_70_out0_nchw_1_256_40_40.tensor ...
Save snapshot to ./snapshot/qnt/add_at_input34.1_60_out0_nchw_1_256_40_40.tensor ...
Save snapshot to ./snapshot/qnt/convolution_at_input35.1_105_out0_nchw_1_128_40_40.tensor ...
Save snapshot to ./snapshot/qnt/leaky_relu__at_input37.1_89_out0_nchw_1_128_40_40.tensor ...
Save snapshot to ./snapshot/qnt/convolution_at_input38.1_80_out0_nchw_1_256_40_40.tensor ...
Save snapshot to ./snapshot/qnt/leaky_relu__at_903_61_out0_nchw_1_256_40_40.tensor ...
Save snapshot to ./snapshot/qnt/add_at_input40.1_50_out0_nchw_1_256_40_40.tensor ...
Save snapshot to ./snapshot/qnt/convolution_at_input41.1_98_out0_nchw_1_128_40_40.tensor ...
Save snapshot to ./snapshot/qnt/leaky_relu__at_input43.1_81_out0_nchw_1_128_40_40.tensor ...
Save snapshot to ./snapshot/qnt/convolution_at_input44.1_72_out0_nchw_1_256_40_40.tensor ...
Save snapshot to ./snapshot/qnt/leaky_relu__at_952_51_out0_nchw_1_256_40_40.tensor ...
Save snapshot to ./snapshot/qnt/add_at_x6.1_45_out0_nchw_1_256_40_40.tensor ...
Save snapshot to ./snapshot/qnt/convolution_at_input46.1_99_out0_nchw_1_512_20_20.tensor ...
Save snapshot to ./snapshot/qnt/leaky_relu__at_x7.1_82_out0_nchw_1_512_20_20.tensor ...
Save snapshot to ./snapshot/qnt/convolution_at_input48.1_73_out0_nchw_1_256_20_20.tensor ...
Save snapshot to ./snapshot/qnt/leaky_relu__at_input50.1_52_out0_nchw_1_256_20_20.tensor ...
Save snapshot to ./snapshot/qnt/max_pool2d_at_1009_53_out0_nchw_1_256_20_20.tensor ...
Save snapshot to ./snapshot/qnt/max_pool2d_at_1018_54_out0_nchw_1_256_20_20.tensor ...
Save snapshot to ./snapshot/qnt/max_pool2d_at_1027_55_out0_nchw_1_256_20_20.tensor ...
Save snapshot to ./snapshot/qnt/cat_at_input51.1_46_out0_nchw_1_1024_20_20.tensor ...
Save snapshot to ./snapshot/qnt/convolution_at_input52.1_40_out0_nchw_1_512_20_20.tensor ...
Save snapshot to ./snapshot/qnt/leaky_relu__at_x8.1_32_out0_nchw_1_512_20_20.tensor ...
Save snapshot to ./snapshot/qnt/convolution_at_input54.1_64_out0_nchw_1_256_20_20.tensor ...
Save snapshot to ./snapshot/qnt/leaky_relu__at_input56.1_47_out0_nchw_1_256_20_20.tensor ...
Save snapshot to ./snapshot/qnt/convolution_at_input57.1_41_out0_nchw_1_512_20_20.tensor ...
Save snapshot to ./snapshot/qnt/leaky_relu__at_1102_33_out0_nchw_1_512_20_20.tensor ...
Save snapshot to ./snapshot/qnt/add_at_x9.1_29_out0_nchw_1_512_20_20.tensor ...
Save snapshot to ./snapshot/qnt/convolution_at_input59.1_26_out0_nchw_1_256_20_20.tensor ...
Save snapshot to ./snapshot/qnt/leaky_relu__at_input61.1_20_out0_nchw_1_256_20_20.tensor ...
Save snapshot to ./snapshot/qnt/convolution_at_input62.1_17_out0_nchw_1_512_20_20.tensor ...
Save snapshot to ./snapshot/qnt/leaky_relu__at_x10.1_11_out0_nchw_1_512_20_20.tensor ...
Save snapshot to ./snapshot/qnt/convolution_at_x11.1_8_out0_nchw_1_102_20_20.tensor ...
Save snapshot to ./snapshot/qnt/upsample_nearest2d_at_x12.1_44_out0_nchw_1_512_40_40.tensor ...
Save snapshot to ./snapshot/qnt/sigmoid_at_1347_5_out0_nchw_1_102_20_20.tensor ...
Save snapshot to ./snapshot/qnt/output_of_sigmoid_at_1347_2_out0_nchw_1_102_20_20.tensor ...
Save snapshot to ./snapshot/qnt/cat_at_x13.1_39_out0_nchw_1_768_40_40.tensor ...
Save snapshot to ./snapshot/qnt/convolution_at_input64.1_35_out0_nchw_1_256_40_40.tensor ...
Save snapshot to ./snapshot/qnt/leaky_relu__at_x14.1_28_out0_nchw_1_256_40_40.tensor ...
Save snapshot to ./snapshot/qnt/convolution_at_input66.1_25_out0_nchw_1_128_40_40.tensor ...
Save snapshot to ./snapshot/qnt/leaky_relu__at_input68.1_19_out0_nchw_1_128_40_40.tensor ...
Save snapshot to ./snapshot/qnt/convolution_at_input69.1_16_out0_nchw_1_256_40_40.tensor ...
Save snapshot to ./snapshot/qnt/leaky_relu__at_x15.1_10_out0_nchw_1_256_40_40.tensor ...
Save snapshot to ./snapshot/qnt/convolution_at_x16.1_7_out0_nchw_1_102_40_40.tensor ...
Save snapshot to ./snapshot/qnt/upsample_nearest2d_at_x17.1_42_out0_nchw_1_256_80_80.tensor ...
Save snapshot to ./snapshot/qnt/sigmoid_at_1345_4_out0_nchw_1_102_40_40.tensor ...
Save snapshot to ./snapshot/qnt/output_of_sigmoid_at_1345_1_out0_nchw_1_102_40_40.tensor ...
Save snapshot to ./snapshot/qnt/cat_at_x18.1_38_out0_nchw_1_384_80_80.tensor ...
Save snapshot to ./snapshot/qnt/convolution_at_input71.1_34_out0_nchw_1_128_80_80.tensor ...
Save snapshot to ./snapshot/qnt/leaky_relu__at_x19.1_27_out0_nchw_1_128_80_80.tensor ...
Save snapshot to ./snapshot/qnt/convolution_at_input73.1_24_out0_nchw_1_64_80_80.tensor ...
Save snapshot to ./snapshot/qnt/leaky_relu__at_input75.1_18_out0_nchw_1_64_80_80.tensor ...
Save snapshot to ./snapshot/qnt/convolution_at_input76.1_15_out0_nchw_1_128_80_80.tensor ...
Save snapshot to ./snapshot/qnt/leaky_relu__at_x20.1_9_out0_nchw_1_128_80_80.tensor ...
Save snapshot to ./snapshot/qnt/convolution_at_x21.1_6_out0_nchw_1_102_80_80.tensor ...
Save snapshot to ./snapshot/qnt/sigmoid_at_1343_3_out0_nchw_1_102_80_80.tensor ...
Save snapshot to ./snapshot/qnt/output_of_sigmoid_at_1343_0_out0_nchw_1_102_80_80.tensor ...
====================================================== qnt error list ======================================================
PS:  If Conv is followed by Relu, the Conv layer output of qnt already contains Relu,
     so the error of Conv is inaccurate, please take the error of Relu layer as the standard.
---------------------------------------------------------------------------------------------
input_of_graph_out1_118_out0_nchw_1_3_640_640.tensor                                                 	eculidean=0.004252	cosine=0.999991
convolution_at_input.1_116_out0_nchw_1_32_320_320.tensor                                             	eculidean=0.088118	cosine=0.996117
leaky_relu__at_x0.1_112_out0_nchw_1_32_320_320.tensor                                                	eculidean=0.114189	cosine=0.993480
convolution_at_input1.1_110_out0_nchw_1_64_160_160.tensor                                            	eculidean=0.138186	cosine=0.990452
leaky_relu__at_x1.1_100_out0_nchw_1_64_160_160.tensor                                                	eculidean=0.137614	cosine=0.990531
convolution_at_input3.1_117_out0_nchw_1_32_160_160.tensor                                            	eculidean=0.171099	cosine=0.985362
leaky_relu__at_input5.1_113_out0_nchw_1_32_160_160.tensor                                            	eculidean=0.226172	cosine=0.974423
convolution_at_input6.1_111_out0_nchw_1_64_160_160.tensor                                            	eculidean=0.232958	cosine=0.972866
leaky_relu__at_612_101_out0_nchw_1_64_160_160.tensor                                                 	eculidean=0.257748	cosine=0.966783
add_at_x2.1_92_out0_nchw_1_64_160_160.tensor                                                         	eculidean=0.220570	cosine=0.975674
convolution_at_input8.1_83_out0_nchw_1_128_80_80.tensor                                              	eculidean=0.135990	cosine=0.990753
leaky_relu__at_x3.1_65_out0_nchw_1_128_80_80.tensor                                                  	eculidean=0.155382	cosine=0.987928
convolution_at_input10.1_108_out0_nchw_1_64_80_80.tensor                                             	eculidean=0.142853	cosine=0.989797
leaky_relu__at_input12.1_93_out0_nchw_1_64_80_80.tensor                                              	eculidean=0.194634	cosine=0.981059
convolution_at_input13.1_84_out0_nchw_1_128_80_80.tensor                                             	eculidean=0.155075	cosine=0.987976
leaky_relu__at_684_66_out0_nchw_1_128_80_80.tensor                                                   	eculidean=0.204835	cosine=0.979021
add_at_input15.1_57_out0_nchw_1_128_80_80.tensor                                                     	eculidean=0.166762	cosine=0.986095
convolution_at_input16.1_103_out0_nchw_1_64_80_80.tensor                                             	eculidean=0.141202	cosine=0.990031
leaky_relu__at_input18.1_85_out0_nchw_1_64_80_80.tensor                                              	eculidean=0.289668	cosine=0.958046
convolution_at_input19.1_76_out0_nchw_1_128_80_80.tensor                                             	eculidean=0.195131	cosine=0.980962
leaky_relu__at_733_58_out0_nchw_1_128_80_80.tensor                                                   	eculidean=0.273743	cosine=0.962532
add_at_input21.1_48_out0_nchw_1_128_80_80.tensor                                                     	eculidean=0.189429	cosine=0.982058
convolution_at_input22.1_95_out0_nchw_1_64_80_80.tensor                                              	eculidean=0.135668	cosine=0.990797
leaky_relu__at_input24.1_77_out0_nchw_1_64_80_80.tensor                                              	eculidean=0.237692	cosine=0.971751
convolution_at_input25.1_68_out0_nchw_1_128_80_80.tensor                                             	eculidean=0.144385	cosine=0.989576
leaky_relu__at_782_49_out0_nchw_1_128_80_80.tensor                                                   	eculidean=0.264361	cosine=0.965057
add_at_x4.1_43_out0_nchw_1_128_80_80.tensor                                                          	eculidean=0.198991	cosine=0.980201
convolution_at_input27.1_87_out0_nchw_1_256_40_40.tensor                                             	eculidean=0.104032	cosine=0.994589
leaky_relu__at_x5.1_69_out0_nchw_1_256_40_40.tensor                                                  	eculidean=0.117801	cosine=0.993062
convolution_at_input29.1_109_out0_nchw_1_128_40_40.tensor                                            	eculidean=0.082349	cosine=0.996609
leaky_relu__at_input31.1_96_out0_nchw_1_128_40_40.tensor                                             	eculidean=0.119030	cosine=0.992916
convolution_at_input32.1_88_out0_nchw_1_256_40_40.tensor                                             	eculidean=0.084117	cosine=0.996462
leaky_relu__at_854_70_out0_nchw_1_256_40_40.tensor                                                   	eculidean=0.104254	cosine=0.994566
add_at_input34.1_60_out0_nchw_1_256_40_40.tensor                                                     	eculidean=0.113870	cosine=0.993517
convolution_at_input35.1_105_out0_nchw_1_128_40_40.tensor                                            	eculidean=0.084826	cosine=0.996402
leaky_relu__at_input37.1_89_out0_nchw_1_128_40_40.tensor                                             	eculidean=0.151698	cosine=0.988494
convolution_at_input38.1_80_out0_nchw_1_256_40_40.tensor                                             	eculidean=0.103501	cosine=0.994644
leaky_relu__at_903_61_out0_nchw_1_256_40_40.tensor                                                   	eculidean=0.139673	cosine=0.990245
add_at_input40.1_50_out0_nchw_1_256_40_40.tensor                                                     	eculidean=0.124433	cosine=0.992258
convolution_at_input41.1_98_out0_nchw_1_128_40_40.tensor                                             	eculidean=0.087190	cosine=0.996199
leaky_relu__at_input43.1_81_out0_nchw_1_128_40_40.tensor                                             	eculidean=0.144082	cosine=0.989620
convolution_at_input44.1_72_out0_nchw_1_256_40_40.tensor                                             	eculidean=0.082717	cosine=0.996579
leaky_relu__at_952_51_out0_nchw_1_256_40_40.tensor                                                   	eculidean=0.149988	cosine=0.988752
add_at_x6.1_45_out0_nchw_1_256_40_40.tensor                                                          	eculidean=0.143700	cosine=0.989675
convolution_at_input46.1_99_out0_nchw_1_512_20_20.tensor                                             	eculidean=0.086487	cosine=0.996260
leaky_relu__at_x7.1_82_out0_nchw_1_512_20_20.tensor                                                  	eculidean=0.115845	cosine=0.993290
convolution_at_input48.1_73_out0_nchw_1_256_20_20.tensor                                             	eculidean=0.077084	cosine=0.997029
leaky_relu__at_input50.1_52_out0_nchw_1_256_20_20.tensor                                             	eculidean=0.191313	cosine=0.981700
max_pool2d_at_1009_53_out0_nchw_1_256_20_20.tensor                                                   	eculidean=0.138685	cosine=0.990383
max_pool2d_at_1018_54_out0_nchw_1_256_20_20.tensor                                                   	eculidean=0.116290	cosine=0.993238
max_pool2d_at_1027_55_out0_nchw_1_256_20_20.tensor                                                   	eculidean=0.103098	cosine=0.994685
cat_at_input51.1_46_out0_nchw_1_1024_20_20.tensor                                                    	eculidean=0.123171	cosine=0.992415
convolution_at_input52.1_40_out0_nchw_1_512_20_20.tensor                                             	eculidean=0.102932	cosine=0.994702
leaky_relu__at_x8.1_32_out0_nchw_1_512_20_20.tensor                                                  	eculidean=0.181307	cosine=0.983564
convolution_at_input54.1_64_out0_nchw_1_256_20_20.tensor                                             	eculidean=0.178206	cosine=0.984121
leaky_relu__at_input56.1_47_out0_nchw_1_256_20_20.tensor                                             	eculidean=0.208712	cosine=0.978220
convolution_at_input57.1_41_out0_nchw_1_512_20_20.tensor                                             	eculidean=0.165228	cosine=0.986350
leaky_relu__at_1102_33_out0_nchw_1_512_20_20.tensor                                                  	eculidean=0.257497	cosine=0.966847
add_at_x9.1_29_out0_nchw_1_512_20_20.tensor                                                          	eculidean=0.251097	cosine=0.968475
convolution_at_input59.1_26_out0_nchw_1_256_20_20.tensor                                             	eculidean=0.254129	cosine=0.967709
leaky_relu__at_input61.1_20_out0_nchw_1_256_20_20.tensor                                             	eculidean=0.270872	cosine=0.963314
convolution_at_input62.1_17_out0_nchw_1_512_20_20.tensor                                             	eculidean=0.232860	cosine=0.972888
leaky_relu__at_x10.1_11_out0_nchw_1_512_20_20.tensor                                                 	eculidean=0.308610	cosine=0.952380
convolution_at_x11.1_8_out0_nchw_1_102_20_20.tensor                                                  	eculidean=0.269531	cosine=0.963677
upsample_nearest2d_at_x12.1_44_out0_nchw_1_512_40_40.tensor                                          	eculidean=0.308610	cosine=0.952380
sigmoid_at_1347_5_out0_nchw_1_102_20_20.tensor                                                       	eculidean=0.164935	cosine=0.986398
output_of_sigmoid_at_1347_2_out0_nchw_1_102_20_20.tensor                                             	eculidean=0.164935	cosine=0.986398
cat_at_x13.1_39_out0_nchw_1_768_40_40.tensor                                                         	eculidean=0.153805	cosine=0.988172
convolution_at_input64.1_35_out0_nchw_1_256_40_40.tensor                                             	eculidean=0.136280	cosine=0.990714
leaky_relu__at_x14.1_28_out0_nchw_1_256_40_40.tensor                                                 	eculidean=0.223174	cosine=0.975097
convolution_at_input66.1_25_out0_nchw_1_128_40_40.tensor                                             	eculidean=0.202734	cosine=0.979449
leaky_relu__at_input68.1_19_out0_nchw_1_128_40_40.tensor                                             	eculidean=0.275579	cosine=0.962028
convolution_at_input69.1_16_out0_nchw_1_256_40_40.tensor                                             	eculidean=0.220799	cosine=0.975624
leaky_relu__at_x15.1_10_out0_nchw_1_256_40_40.tensor                                                 	eculidean=0.287718	cosine=0.958609
convolution_at_x16.1_7_out0_nchw_1_102_40_40.tensor                                                  	eculidean=0.245046	cosine=0.969976
upsample_nearest2d_at_x17.1_42_out0_nchw_1_256_80_80.tensor                                          	eculidean=0.287718	cosine=0.958609
sigmoid_at_1345_4_out0_nchw_1_102_40_40.tensor                                                       	eculidean=0.187104	cosine=0.982496
output_of_sigmoid_at_1345_1_out0_nchw_1_102_40_40.tensor                                             	eculidean=0.187104	cosine=0.982496
cat_at_x18.1_38_out0_nchw_1_384_80_80.tensor                                                         	eculidean=0.212405	cosine=0.977442
convolution_at_input71.1_34_out0_nchw_1_128_80_80.tensor                                             	eculidean=0.228484	cosine=0.973898
leaky_relu__at_x19.1_27_out0_nchw_1_128_80_80.tensor                                                 	eculidean=0.309450	cosine=0.952120
convolution_at_input73.1_24_out0_nchw_1_64_80_80.tensor                                              	eculidean=0.349883	cosine=0.938791
leaky_relu__at_input75.1_18_out0_nchw_1_64_80_80.tensor                                              	eculidean=0.383994	cosine=0.926274
convolution_at_input76.1_15_out0_nchw_1_128_80_80.tensor                                             	eculidean=0.345300	cosine=0.940384
leaky_relu__at_x20.1_9_out0_nchw_1_128_80_80.tensor                                                  	eculidean=0.316899	cosine=0.949788
convolution_at_x21.1_6_out0_nchw_1_102_80_80.tensor                                                  	eculidean=0.219064	cosine=0.976006
sigmoid_at_1343_3_out0_nchw_1_102_80_80.tensor                                                       	eculidean=0.220355	cosine=0.975722
output_of_sigmoid_at_1343_0_out0_nchw_1_102_80_80.tensor                                             	eculidean=0.220355	cosine=0.975722
============================================================================================================================
done
